[debug] > Exec(early(addDefaultCommands), None, None)
[debug] > Exec(addDefaultCommands, None, None)
[debug] > Exec(early(initialize), None, None)
[debug] > Exec(initialize, None, None)
[debug] > Exec(boot, None, None)
[debug] > Exec(writeSbtVersion, None, None)
[debug] > Exec(reload, None, None)
[debug] > Exec(sbtStashOnFailure, None, None)
[debug] > Exec(onFailure loadFailed, None, None)
[debug] > Exec(loadp, None, None)
[info] welcome to sbt 1.4.2 (Oracle Corporation Java 14.0.2)
[debug]       Load.loadUnit: plugins took 85.796829ms
[debug]       Load.loadUnit: defsScala took 0.405152ms
[debug] [Loading] Scanning directory /Users/m.keshilbaev/.sbt/1.0/plugins
[debug] [Loading] Found non-root projects 
[debug] [Loading] Done in /Users/m.keshilbaev/.sbt/1.0/plugins, returning: ()
[debug] deducing auto plugins based on known facts Set(Atom(sbt.plugins.CorePlugin)) and clauses Clauses(List(Clause(Atom(sbt.plugins.JvmPlugin),Set(Atom(sbt.plugins.IvyPlugin))), Clause(Atom(sbt.ScriptedPlugin),Set(Atom(sbt.plugins.JvmPlugin))), Clause(Atom(sbt.plugins.SbtPlugin),Set(Atom(sbt.ScriptedPlugin))), Clause(Atom(sbt.plugins.SemanticdbPlugin),Set(Atom(sbt.plugins.JvmPlugin))), Clause(Atom(sbt.plugins.JUnitXmlReportPlugin),Set(Atom(sbt.plugins.JvmPlugin))), Clause(Atom(sbt.plugins.MiniDependencyTreePlugin),Set(Atom(sbt.plugins.JvmPlugin))), Clause(Atom(sbt.plugins.CorePlugin),Set(Atom(sbt.plugins.IvyPlugin))), Clause(Atom(sbt.plugins.IvyPlugin),Set(Atom(sbt.plugins.JvmPlugin))), Clause(Atom(sbt.plugins.JvmPlugin),Set(Atom(sbt.plugins.SemanticdbPlugin))), Clause(Atom(sbt.plugins.JvmPlugin),Set(Atom(sbt.plugins.JUnitXmlReportPlugin))), Clause(Atom(sbt.plugins.CorePlugin),Set(Atom(sbt.plugins.Giter8TemplatePlugin))), Clause(Atom(sbt.plugins.JvmPlugin),Set(Atom(sbt.plugins.MiniDependencyTreePlugin)))))
[debug]   :: deduced result: Matched(sbt.plugins.CorePlugin,sbt.plugins.Giter8TemplatePlugin,sbt.plugins.IvyPlugin,sbt.plugins.JvmPlugin,sbt.plugins.MiniDependencyTreePlugin,sbt.plugins.JUnitXmlReportPlugin,sbt.plugins.SemanticdbPlugin)
[debug] Plugins.deducer#function took 24.717542 ms
[debug]           Load.resolveProject(global-plugins) took 52.262581ms
[debug]         Load.loadTransitive: finalizeProject(Project(id global-plugins, base: /Users/m.keshilbaev/.sbt/1.0/plugins, plugins: List(<none>))) took 99.138717ms
[debug] [Loading] Done in /Users/m.keshilbaev/.sbt/1.0/plugins, returning: (global-plugins)
[debug]       Load.loadUnit: loadedProjectsRaw took 125.595599ms
[debug]       Load.loadUnit: cleanEvalClasses took 0.252237ms
[debug]     Load.loadUnit(file:/Users/m.keshilbaev/.sbt/1.0/plugins/, ...) took 221.07275ms
[debug]   Load.apply: load took 1089.715615ms
[debug]   Load.apply: resolveProjects took 11.718757ms
[debug]   Load.apply: finalTransforms took 68.663486ms
[debug]   Load.apply: config.delegates took 7.632352ms
[debug]   Load.apply: Def.make(settings)... took 342.631257ms
[debug]   Load.apply: structureIndex took 78.586706ms
[debug]   Load.apply: mkStreams took 1.394222ms
[info] loading global plugins from /Users/m.keshilbaev/.sbt/1.0/plugins
[debug] Running task... Cancel: Signal, check cycles: false, forcegc: true
[debug] Load.defaultLoad until apply took 2960.160286ms
[debug]           Load.loadUnit: plugins took 18.492392ms
[debug]           Load.loadUnit: defsScala took 0.003237ms
[debug] [Loading] Scanning directory /Users/m.keshilbaev/KBTU/scala/untitled/project
[debug] [Loading] Found non-root projects 
[debug] [Loading] Done in /Users/m.keshilbaev/KBTU/scala/untitled/project, returning: ()
[debug] deducing auto plugins based on known facts Set(Atom(sbt.plugins.CorePlugin)) and clauses Clauses(List(Clause(Atom(sbt.plugins.JvmPlugin),Set(Atom(sbt.plugins.IvyPlugin))), Clause(Atom(sbt.ScriptedPlugin),Set(Atom(sbt.plugins.JvmPlugin))), Clause(Atom(sbt.plugins.SbtPlugin),Set(Atom(sbt.ScriptedPlugin))), Clause(Atom(sbt.plugins.SemanticdbPlugin),Set(Atom(sbt.plugins.JvmPlugin))), Clause(Atom(sbt.plugins.JUnitXmlReportPlugin),Set(Atom(sbt.plugins.JvmPlugin))), Clause(Atom(sbt.plugins.MiniDependencyTreePlugin),Set(Atom(sbt.plugins.JvmPlugin))), Clause(Atom(sbt.plugins.CorePlugin),Set(Atom(sbt.plugins.IvyPlugin))), Clause(Atom(sbt.plugins.IvyPlugin),Set(Atom(sbt.plugins.JvmPlugin))), Clause(Atom(sbt.plugins.JvmPlugin),Set(Atom(sbt.plugins.SemanticdbPlugin))), Clause(Atom(sbt.plugins.JvmPlugin),Set(Atom(sbt.plugins.JUnitXmlReportPlugin))), Clause(Atom(sbt.plugins.CorePlugin),Set(Atom(sbt.plugins.Giter8TemplatePlugin))), Clause(Atom(sbt.plugins.JvmPlugin),Set(Atom(sbt.plugins.MiniDependencyTreePlugin)))))
[debug]   :: deduced result: Matched(sbt.plugins.CorePlugin,sbt.plugins.Giter8TemplatePlugin,sbt.plugins.IvyPlugin,sbt.plugins.JvmPlugin,sbt.plugins.MiniDependencyTreePlugin,sbt.plugins.JUnitXmlReportPlugin,sbt.plugins.SemanticdbPlugin)
[debug] Plugins.deducer#function took 1.595215 ms
[debug]               Load.resolveProject(untitled-build) took 1.085964ms
[debug]             Load.loadTransitive: finalizeProject(Project(id untitled-build, base: /Users/m.keshilbaev/KBTU/scala/untitled/project, plugins: List(<none>))) took 3.098172ms
[debug] [Loading] Done in /Users/m.keshilbaev/KBTU/scala/untitled/project, returning: (untitled-build)
[debug]           Load.loadUnit: loadedProjectsRaw took 4.486933ms
[debug]           Load.loadUnit: cleanEvalClasses took 0.007408ms
[debug]         Load.loadUnit(file:/Users/m.keshilbaev/KBTU/scala/untitled/project/, ...) took 23.493598ms
[debug]       Load.apply: load took 24.557037ms
[debug]       Load.apply: resolveProjects took 0.085986ms
[debug]       Load.apply: finalTransforms took 10.462143ms
[debug]       Load.apply: config.delegates took 0.38228ms
[debug]       Load.apply: Def.make(settings)... took 66.83404ms
[debug]       Load.apply: structureIndex took 27.791512ms
[debug]       Load.apply: mkStreams took 0.00219ms
[info] loading project definition from /Users/m.keshilbaev/KBTU/scala/untitled/project
[debug] Running task... Cancel: Signal, check cycles: false, forcegc: true
[debug]     Load.loadUnit: plugins took 304.478005ms
[debug]     Load.loadUnit: defsScala took 0.003374ms
[debug] [Loading] Scanning directory /Users/m.keshilbaev/KBTU/scala/untitled
[debug]       Load.loadUnit: mkEval took 5.562724ms
[debug] [Loading] Found non-root projects 
[debug] [Loading] Done in /Users/m.keshilbaev/KBTU/scala/untitled, returning: ()
[debug] deducing auto plugins based on known facts Set(Atom(sbt.plugins.CorePlugin)) and clauses Clauses(List(Clause(Atom(sbt.plugins.JvmPlugin),Set(Atom(sbt.plugins.IvyPlugin))), Clause(Atom(sbt.ScriptedPlugin),Set(Atom(sbt.plugins.JvmPlugin))), Clause(Atom(sbt.plugins.SbtPlugin),Set(Atom(sbt.ScriptedPlugin))), Clause(Atom(sbt.plugins.SemanticdbPlugin),Set(Atom(sbt.plugins.JvmPlugin))), Clause(Atom(sbt.plugins.JUnitXmlReportPlugin),Set(Atom(sbt.plugins.JvmPlugin))), Clause(Atom(sbt.plugins.MiniDependencyTreePlugin),Set(Atom(sbt.plugins.JvmPlugin))), Clause(Atom(sbt.plugins.CorePlugin),Set(Atom(sbt.plugins.IvyPlugin))), Clause(Atom(sbt.plugins.IvyPlugin),Set(Atom(sbt.plugins.JvmPlugin))), Clause(Atom(sbt.plugins.JvmPlugin),Set(Atom(sbt.plugins.SemanticdbPlugin))), Clause(Atom(sbt.plugins.JvmPlugin),Set(Atom(sbt.plugins.JUnitXmlReportPlugin))), Clause(Atom(sbt.plugins.CorePlugin),Set(Atom(sbt.plugins.Giter8TemplatePlugin))), Clause(Atom(sbt.plugins.JvmPlugin),Set(Atom(sbt.plugins.MiniDependencyTreePlugin)))))
[debug]   :: deduced result: Matched(sbt.plugins.CorePlugin,sbt.plugins.Giter8TemplatePlugin,sbt.plugins.IvyPlugin,sbt.plugins.JvmPlugin,sbt.plugins.MiniDependencyTreePlugin,sbt.plugins.JUnitXmlReportPlugin,sbt.plugins.SemanticdbPlugin)
[debug] Plugins.deducer#function took 1.480374 ms
[info] loading settings for project untitled from build.sbt ...
[debug]         Load.resolveProject(untitled) took 2.348006ms
[debug]       Load.loadTransitive: finalizeProject(Project(id untitled, base: /Users/m.keshilbaev/KBTU/scala/untitled, plugins: List(<none>))) took 4.279688ms
[debug] [Loading] Done in /Users/m.keshilbaev/KBTU/scala/untitled, returning: (untitled)
[debug]     Load.loadUnit: loadedProjectsRaw took 114.396918ms
[debug]     Load.loadUnit: cleanEvalClasses took 5.216778ms
[debug]   Load.loadUnit(file:/Users/m.keshilbaev/KBTU/scala/untitled/, ...) took 424.740372ms
[debug] Load.apply: load took 425.90336ms
[debug] Load.apply: resolveProjects took 0.083798ms
[debug] Load.apply: finalTransforms took 11.345686ms
[debug] Load.apply: config.delegates took 0.278203ms
[debug] Load.apply: Def.make(settings)... took 94.264168ms
[debug] Load.apply: structureIndex took 21.890418ms
[debug] Load.apply: mkStreams took 0.002513ms
[info] set current project to untitled (in build file:/Users/m.keshilbaev/KBTU/scala/untitled/)
[debug] > Exec(sbtPopOnFailure, None, None)
[debug] > Exec(resumeFromFailure, None, None)
[debug] > Exec(notifyUsersAboutShell, None, None)
[debug] > Exec(iflast shell, None, None)
[debug] > Exec(run, None, None)
[debug] Evaluating tasks: Compile / run
[debug] Running task... Cancel: Signal, check cycles: false, forcegc: true
[info] compiling 1 Scala source to /Users/m.keshilbaev/KBTU/scala/untitled/target/scala-2.13/classes ...
[warn] 1 deprecation (since 2.6.0); re-run with -deprecation for details
[warn] one warning found
[info] done compiling
