[debug] > Exec(early(addDefaultCommands), None, None)
[debug] > Exec(addDefaultCommands, None, None)
[debug] > Exec(early(initialize), None, None)
[debug] > Exec(initialize, None, None)
[debug] > Exec(early(addPluginSbtFile="""/private/var/folders/5q/wzjl62kn1r75k53ksvw142j80000gn/T/idea1.sbt"""), None, None)
[debug] > Exec(addPluginSbtFile="""/private/var/folders/5q/wzjl62kn1r75k53ksvw142j80000gn/T/idea1.sbt""", None, None)
[debug] > Exec(boot, None, None)
[debug] > Exec(writeSbtVersion, None, None)
[debug] > Exec(reload, None, None)
[debug] > Exec(sbtStashOnFailure, None, None)
[debug] > Exec(onFailure loadFailed, None, None)
[debug] > Exec(loadp, None, None)
[info] welcome to sbt 1.4.2 (Oracle Corporation Java 14.0.2)
[debug]       Load.loadUnit: plugins took 63.137852ms
[debug]       Load.loadUnit: defsScala took 0.221918ms
[debug] [Loading] Scanning directory /Users/m.keshilbaev/.sbt/1.0/plugins
[debug] [Loading] Found non-root projects 
[debug] [Loading] Done in /Users/m.keshilbaev/.sbt/1.0/plugins, returning: ()
[debug] deducing auto plugins based on known facts Set(Atom(sbt.plugins.CorePlugin)) and clauses Clauses(List(Clause(Atom(sbt.plugins.JvmPlugin),Set(Atom(sbt.plugins.IvyPlugin))), Clause(Atom(sbt.ScriptedPlugin),Set(Atom(sbt.plugins.JvmPlugin))), Clause(Atom(sbt.plugins.SbtPlugin),Set(Atom(sbt.ScriptedPlugin))), Clause(Atom(sbt.plugins.SemanticdbPlugin),Set(Atom(sbt.plugins.JvmPlugin))), Clause(Atom(sbt.plugins.JUnitXmlReportPlugin),Set(Atom(sbt.plugins.JvmPlugin))), Clause(Atom(sbt.plugins.MiniDependencyTreePlugin),Set(Atom(sbt.plugins.JvmPlugin))), Clause(Atom(sbt.plugins.CorePlugin),Set(Atom(sbt.plugins.IvyPlugin))), Clause(Atom(sbt.plugins.IvyPlugin),Set(Atom(sbt.plugins.JvmPlugin))), Clause(Atom(sbt.plugins.JvmPlugin),Set(Atom(sbt.plugins.SemanticdbPlugin))), Clause(Atom(sbt.plugins.JvmPlugin),Set(Atom(sbt.plugins.JUnitXmlReportPlugin))), Clause(Atom(sbt.plugins.CorePlugin),Set(Atom(sbt.plugins.Giter8TemplatePlugin))), Clause(Atom(sbt.plugins.JvmPlugin),Set(Atom(sbt.plugins.MiniDependencyTreePlugin)))))
[debug]   :: deduced result: Matched(sbt.plugins.CorePlugin,sbt.plugins.Giter8TemplatePlugin,sbt.plugins.IvyPlugin,sbt.plugins.JvmPlugin,sbt.plugins.MiniDependencyTreePlugin,sbt.plugins.JUnitXmlReportPlugin,sbt.plugins.SemanticdbPlugin)
[debug] Plugins.deducer#function took 15.755869 ms
[debug]           Load.resolveProject(global-plugins) took 36.074728ms
[debug]         Load.loadTransitive: finalizeProject(Project(id global-plugins, base: /Users/m.keshilbaev/.sbt/1.0/plugins, plugins: List(<none>))) took 69.337301ms
[debug] [Loading] Done in /Users/m.keshilbaev/.sbt/1.0/plugins, returning: (global-plugins)
[debug]       Load.loadUnit: loadedProjectsRaw took 87.706073ms
[debug]       Load.loadUnit: cleanEvalClasses took 0.193827ms
[debug]     Load.loadUnit(file:/Users/m.keshilbaev/.sbt/1.0/plugins/, ...) took 156.87271ms
[debug]   Load.apply: load took 738.565709ms
[debug]   Load.apply: resolveProjects took 9.795371ms
[debug]   Load.apply: finalTransforms took 75.943451ms
[debug]   Load.apply: config.delegates took 9.780993ms
[debug]   Load.apply: Def.make(settings)... took 384.077473ms
[debug]   Load.apply: structureIndex took 90.342506ms
[debug]   Load.apply: mkStreams took 1.238485ms
[info] loading global plugins from /Users/m.keshilbaev/.sbt/1.0/plugins
[debug] Running task... Cancel: Signal, check cycles: false, forcegc: true
[debug] Load.defaultLoad until apply took 2669.044366ms
[debug]           Load.loadUnit: plugins took 18.660745ms
[debug]           Load.loadUnit: defsScala took 0.003892ms
[debug] [Loading] Scanning directory /Users/m.keshilbaev/KBTU/scala/untitled/project
[debug]             Load.loadUnit: mkEval took 5.37821ms
[debug] [Loading] Found non-root projects 
[debug] [Loading] Done in /Users/m.keshilbaev/KBTU/scala/untitled/project, returning: ()
[debug] deducing auto plugins based on known facts Set(Atom(sbt.plugins.CorePlugin)) and clauses Clauses(List(Clause(Atom(sbt.plugins.JvmPlugin),Set(Atom(sbt.plugins.IvyPlugin))), Clause(Atom(sbt.ScriptedPlugin),Set(Atom(sbt.plugins.JvmPlugin))), Clause(Atom(sbt.plugins.SbtPlugin),Set(Atom(sbt.ScriptedPlugin))), Clause(Atom(sbt.plugins.SemanticdbPlugin),Set(Atom(sbt.plugins.JvmPlugin))), Clause(Atom(sbt.plugins.JUnitXmlReportPlugin),Set(Atom(sbt.plugins.JvmPlugin))), Clause(Atom(sbt.plugins.MiniDependencyTreePlugin),Set(Atom(sbt.plugins.JvmPlugin))), Clause(Atom(sbt.plugins.CorePlugin),Set(Atom(sbt.plugins.IvyPlugin))), Clause(Atom(sbt.plugins.IvyPlugin),Set(Atom(sbt.plugins.JvmPlugin))), Clause(Atom(sbt.plugins.JvmPlugin),Set(Atom(sbt.plugins.SemanticdbPlugin))), Clause(Atom(sbt.plugins.JvmPlugin),Set(Atom(sbt.plugins.JUnitXmlReportPlugin))), Clause(Atom(sbt.plugins.CorePlugin),Set(Atom(sbt.plugins.Giter8TemplatePlugin))), Clause(Atom(sbt.plugins.JvmPlugin),Set(Atom(sbt.plugins.MiniDependencyTreePlugin)))))
[debug]   :: deduced result: Matched(sbt.plugins.CorePlugin,sbt.plugins.Giter8TemplatePlugin,sbt.plugins.IvyPlugin,sbt.plugins.JvmPlugin,sbt.plugins.MiniDependencyTreePlugin,sbt.plugins.JUnitXmlReportPlugin,sbt.plugins.SemanticdbPlugin)
[debug] Plugins.deducer#function took 1.378797 ms
[info] loading settings for project untitled-build from idea1.sbt ...
[debug]               Load.resolveProject(untitled-build) took 2.150425ms
[debug]             Load.loadTransitive: finalizeProject(Project(id untitled-build, base: /Users/m.keshilbaev/KBTU/scala/untitled/project, plugins: List(<none>))) took 4.09958ms
[debug] [Loading] Done in /Users/m.keshilbaev/KBTU/scala/untitled/project, returning: (untitled-build)
[debug]           Load.loadUnit: loadedProjectsRaw took 1439.964235ms
[debug]           Load.loadUnit: cleanEvalClasses took 2.588469ms
[debug]         Load.loadUnit(file:/Users/m.keshilbaev/KBTU/scala/untitled/project/, ...) took 1461.814266ms
[debug]       Load.apply: load took 1462.806238ms
[debug]       Load.apply: resolveProjects took 0.079697ms
[debug]       Load.apply: finalTransforms took 7.480353ms
[debug]       Load.apply: config.delegates took 0.564501ms
[debug]       Load.apply: Def.make(settings)... took 68.791237ms
[debug]       Load.apply: structureIndex took 32.046581ms
[debug]       Load.apply: mkStreams took 0.002348ms
[info] loading project definition from /Users/m.keshilbaev/KBTU/scala/untitled/project
[debug] Running task... Cancel: Signal, check cycles: false, forcegc: true
[debug]     Load.loadUnit: plugins took 3353.776305ms
[debug]     Load.loadUnit: defsScala took 0.004504ms
[debug] [Loading] Scanning directory /Users/m.keshilbaev/KBTU/scala/untitled
[debug]       Load.loadUnit: mkEval took 0.146898ms
[debug] [Loading] Found non-root projects 
[debug] [Loading] Done in /Users/m.keshilbaev/KBTU/scala/untitled, returning: ()
[debug] deducing auto plugins based on known facts Set(Atom(sbt.plugins.CorePlugin)) and clauses Clauses(List(Clause(Atom(sbt.plugins.JvmPlugin),Set(Atom(sbt.plugins.IvyPlugin))), Clause(Atom(sbt.ScriptedPlugin),Set(Atom(sbt.plugins.JvmPlugin))), Clause(Atom(sbt.plugins.SbtPlugin),Set(Atom(sbt.ScriptedPlugin))), Clause(Atom(sbt.plugins.SemanticdbPlugin),Set(Atom(sbt.plugins.JvmPlugin))), Clause(Atom(sbt.plugins.JUnitXmlReportPlugin),Set(Atom(sbt.plugins.JvmPlugin))), Clause(Atom(sbt.plugins.MiniDependencyTreePlugin),Set(Atom(sbt.plugins.JvmPlugin))), Clause(Atom(org.jetbrains.sbt.StructurePlugin),Set(Atom(sbt.plugins.JvmPlugin))), Clause(Atom(org.jetbrains.sbt.IdeaShellPlugin),Set(Atom(sbt.plugins.JvmPlugin))), Clause(Atom(org.jetbrains.sbt.indices.SbtIntellijIndicesPlugin),Set(Atom(sbt.plugins.JvmPlugin))), Clause(Atom(sbt.plugins.CorePlugin),Set(Atom(sbt.plugins.IvyPlugin))), Clause(Atom(sbt.plugins.IvyPlugin),Set(Atom(sbt.plugins.JvmPlugin))), Clause(Atom(sbt.plugins.JvmPlugin),Set(Atom(sbt.plugins.SemanticdbPlugin))), Clause(Atom(sbt.plugins.JvmPlugin),Set(Atom(sbt.plugins.JUnitXmlReportPlugin))), Clause(Atom(sbt.plugins.CorePlugin),Set(Atom(sbt.plugins.Giter8TemplatePlugin))), Clause(Atom(sbt.plugins.JvmPlugin),Set(Atom(sbt.plugins.MiniDependencyTreePlugin))), Clause(Atom(sbt.plugins.JvmPlugin),Set(Atom(org.jetbrains.sbt.StructurePlugin))), Clause(Atom(sbt.plugins.JvmPlugin),Set(Atom(org.jetbrains.sbt.IdeaShellPlugin))), Clause(And(Set(Atom(sbt.plugins.CorePlugin), Atom(sbt.plugins.JvmPlugin))),Set(Atom(org.jetbrains.sbt.indices.SbtIntellijIndicesPlugin)))))
[debug]   :: deduced result: Matched(sbt.plugins.CorePlugin,sbt.plugins.Giter8TemplatePlugin,sbt.plugins.IvyPlugin,sbt.plugins.JvmPlugin,sbt.plugins.SemanticdbPlugin,org.jetbrains.sbt.indices.SbtIntellijIndicesPlugin,sbt.plugins.JUnitXmlReportPlugin,org.jetbrains.sbt.IdeaShellPlugin,org.jetbrains.sbt.StructurePlugin,sbt.plugins.MiniDependencyTreePlugin)
[debug] Plugins.deducer#function took 1.419643 ms
[info] loading settings for project untitled from build.sbt ...
[debug]         Load.resolveProject(untitled) took 25.150035ms
[debug]       Load.loadTransitive: finalizeProject(Project(id untitled, base: /Users/m.keshilbaev/KBTU/scala/untitled, plugins: List(<none>))) took 27.375975ms
[debug] [Loading] Done in /Users/m.keshilbaev/KBTU/scala/untitled, returning: (untitled)
[debug]     Load.loadUnit: loadedProjectsRaw took 527.915394ms
[debug]     Load.loadUnit: cleanEvalClasses took 4.706911ms
[debug]   Load.loadUnit(file:/Users/m.keshilbaev/KBTU/scala/untitled/, ...) took 3887.347503ms
[debug] Load.apply: load took 3888.372058ms
[debug] Load.apply: resolveProjects took 0.076478ms
[debug] Load.apply: finalTransforms took 20.713883ms
[debug] Load.apply: config.delegates took 0.218388ms
[debug] Load.apply: Def.make(settings)... took 43.665463ms
[debug] Load.apply: structureIndex took 20.028162ms
[debug] Load.apply: mkStreams took 0.002804ms
[info] set current project to untitled (in build file:/Users/m.keshilbaev/KBTU/scala/untitled/)
[debug] > Exec(sbtPopOnFailure, None, None)
[debug] > Exec(resumeFromFailure, None, None)
[debug] > Exec(notifyUsersAboutShell, None, None)
[debug] > Exec(iflast shell, None, None)
[debug] > Exec(; set ideaPort in Global := 53197 ; idea-shell, None, None)
[debug] > Exec(set ideaPort in Global := 53197, None, None)
[info] Defining Global / ideaPort
[info] The new value will be used by Compile / compile, Test / compile
[debug] Defining 
[debug] 	Global / ideaPort
[debug] 
[debug] The new value will be used by 
[debug] 	Compile / compile
[debug] 	Test / compile
[info] Reapplying settings...
[info] set current project to untitled (in build file:/Users/m.keshilbaev/KBTU/scala/untitled/)
[debug] > Exec(idea-shell, None, None)
