[debug] > Exec(early(addDefaultCommands), None, None)
[debug] > Exec(addDefaultCommands, None, None)
[debug] > Exec(early(initialize), None, None)
[debug] > Exec(initialize, None, None)
[debug] > Exec(boot, None, None)
[debug] > Exec(writeSbtVersion, None, None)
[debug] > Exec(reload, None, None)
[debug] > Exec(sbtStashOnFailure, None, None)
[debug] > Exec(onFailure loadFailed, None, None)
[debug] > Exec(loadp, None, None)
[info] welcome to sbt 1.4.2 (Oracle Corporation Java 14.0.2)
[debug]       Load.loadUnit: plugins took 81.712229ms
[debug]       Load.loadUnit: defsScala took 0.378093ms
[debug] [Loading] Scanning directory /Users/m.keshilbaev/.sbt/1.0/plugins
[debug] [Loading] Found non-root projects 
[debug] [Loading] Done in /Users/m.keshilbaev/.sbt/1.0/plugins, returning: ()
[debug] deducing auto plugins based on known facts Set(Atom(sbt.plugins.CorePlugin)) and clauses Clauses(List(Clause(Atom(sbt.plugins.JvmPlugin),Set(Atom(sbt.plugins.IvyPlugin))), Clause(Atom(sbt.ScriptedPlugin),Set(Atom(sbt.plugins.JvmPlugin))), Clause(Atom(sbt.plugins.SbtPlugin),Set(Atom(sbt.ScriptedPlugin))), Clause(Atom(sbt.plugins.SemanticdbPlugin),Set(Atom(sbt.plugins.JvmPlugin))), Clause(Atom(sbt.plugins.JUnitXmlReportPlugin),Set(Atom(sbt.plugins.JvmPlugin))), Clause(Atom(sbt.plugins.MiniDependencyTreePlugin),Set(Atom(sbt.plugins.JvmPlugin))), Clause(Atom(sbt.plugins.CorePlugin),Set(Atom(sbt.plugins.IvyPlugin))), Clause(Atom(sbt.plugins.IvyPlugin),Set(Atom(sbt.plugins.JvmPlugin))), Clause(Atom(sbt.plugins.JvmPlugin),Set(Atom(sbt.plugins.SemanticdbPlugin))), Clause(Atom(sbt.plugins.JvmPlugin),Set(Atom(sbt.plugins.JUnitXmlReportPlugin))), Clause(Atom(sbt.plugins.CorePlugin),Set(Atom(sbt.plugins.Giter8TemplatePlugin))), Clause(Atom(sbt.plugins.JvmPlugin),Set(Atom(sbt.plugins.MiniDependencyTreePlugin)))))
[debug]   :: deduced result: Matched(sbt.plugins.CorePlugin,sbt.plugins.Giter8TemplatePlugin,sbt.plugins.IvyPlugin,sbt.plugins.JvmPlugin,sbt.plugins.MiniDependencyTreePlugin,sbt.plugins.JUnitXmlReportPlugin,sbt.plugins.SemanticdbPlugin)
[debug] Plugins.deducer#function took 25.154892 ms
[debug]           Load.resolveProject(global-plugins) took 53.167373ms
[debug]         Load.loadTransitive: finalizeProject(Project(id global-plugins, base: /Users/m.keshilbaev/.sbt/1.0/plugins, plugins: List(<none>))) took 101.145065ms
[debug] [Loading] Done in /Users/m.keshilbaev/.sbt/1.0/plugins, returning: (global-plugins)
[debug]       Load.loadUnit: loadedProjectsRaw took 129.42488ms
[debug]       Load.loadUnit: cleanEvalClasses took 0.247674ms
[debug]     Load.loadUnit(file:/Users/m.keshilbaev/.sbt/1.0/plugins/, ...) took 220.728641ms
[debug]   Load.apply: load took 1187.592808ms
[debug]   Load.apply: resolveProjects took 6.452527ms
[debug]   Load.apply: finalTransforms took 52.111375ms
[debug]   Load.apply: config.delegates took 6.546632ms
[debug]   Load.apply: Def.make(settings)... took 349.868636ms
[debug]   Load.apply: structureIndex took 72.290227ms
[debug]   Load.apply: mkStreams took 1.297408ms
[info] loading global plugins from /Users/m.keshilbaev/.sbt/1.0/plugins
[debug] Running task... Cancel: Signal, check cycles: false, forcegc: true
[debug] Load.defaultLoad until apply took 3048.917916ms
[debug]           Load.loadUnit: plugins took 17.799336ms
[debug]           Load.loadUnit: defsScala took 0.003521ms
[debug] [Loading] Scanning directory /Users/m.keshilbaev/KBTU/scala/untitled/project
[debug] [Loading] Found non-root projects 
[debug] [Loading] Done in /Users/m.keshilbaev/KBTU/scala/untitled/project, returning: ()
[debug] deducing auto plugins based on known facts Set(Atom(sbt.plugins.CorePlugin)) and clauses Clauses(List(Clause(Atom(sbt.plugins.JvmPlugin),Set(Atom(sbt.plugins.IvyPlugin))), Clause(Atom(sbt.ScriptedPlugin),Set(Atom(sbt.plugins.JvmPlugin))), Clause(Atom(sbt.plugins.SbtPlugin),Set(Atom(sbt.ScriptedPlugin))), Clause(Atom(sbt.plugins.SemanticdbPlugin),Set(Atom(sbt.plugins.JvmPlugin))), Clause(Atom(sbt.plugins.JUnitXmlReportPlugin),Set(Atom(sbt.plugins.JvmPlugin))), Clause(Atom(sbt.plugins.MiniDependencyTreePlugin),Set(Atom(sbt.plugins.JvmPlugin))), Clause(Atom(sbt.plugins.CorePlugin),Set(Atom(sbt.plugins.IvyPlugin))), Clause(Atom(sbt.plugins.IvyPlugin),Set(Atom(sbt.plugins.JvmPlugin))), Clause(Atom(sbt.plugins.JvmPlugin),Set(Atom(sbt.plugins.SemanticdbPlugin))), Clause(Atom(sbt.plugins.JvmPlugin),Set(Atom(sbt.plugins.JUnitXmlReportPlugin))), Clause(Atom(sbt.plugins.CorePlugin),Set(Atom(sbt.plugins.Giter8TemplatePlugin))), Clause(Atom(sbt.plugins.JvmPlugin),Set(Atom(sbt.plugins.MiniDependencyTreePlugin)))))
[debug]   :: deduced result: Matched(sbt.plugins.CorePlugin,sbt.plugins.Giter8TemplatePlugin,sbt.plugins.IvyPlugin,sbt.plugins.JvmPlugin,sbt.plugins.MiniDependencyTreePlugin,sbt.plugins.JUnitXmlReportPlugin,sbt.plugins.SemanticdbPlugin)
[debug] Plugins.deducer#function took 1.372707 ms
[debug]               Load.resolveProject(untitled-build) took 0.982099ms
[debug]             Load.loadTransitive: finalizeProject(Project(id untitled-build, base: /Users/m.keshilbaev/KBTU/scala/untitled/project, plugins: List(<none>))) took 2.790227ms
[debug] [Loading] Done in /Users/m.keshilbaev/KBTU/scala/untitled/project, returning: (untitled-build)
[debug]           Load.loadUnit: loadedProjectsRaw took 4.114547ms
[debug]           Load.loadUnit: cleanEvalClasses took 0.011984ms
[debug]         Load.loadUnit(file:/Users/m.keshilbaev/KBTU/scala/untitled/project/, ...) took 22.438726ms
[debug]       Load.apply: load took 23.497271ms
[debug]       Load.apply: resolveProjects took 0.111487ms
[debug]       Load.apply: finalTransforms took 8.695492ms
[debug]       Load.apply: config.delegates took 0.285908ms
[debug]       Load.apply: Def.make(settings)... took 64.227747ms
[debug]       Load.apply: structureIndex took 24.832931ms
[debug]       Load.apply: mkStreams took 0.002648ms
[info] loading project definition from /Users/m.keshilbaev/KBTU/scala/untitled/project
[debug] Running task... Cancel: Signal, check cycles: false, forcegc: true
[debug]     Load.loadUnit: plugins took 301.96658ms
[debug]     Load.loadUnit: defsScala took 0.002848ms
[debug] [Loading] Scanning directory /Users/m.keshilbaev/KBTU/scala/untitled
[debug]       Load.loadUnit: mkEval took 5.119223ms
[debug] [Loading] Found non-root projects 
[debug] [Loading] Done in /Users/m.keshilbaev/KBTU/scala/untitled, returning: ()
[debug] deducing auto plugins based on known facts Set(Atom(sbt.plugins.CorePlugin)) and clauses Clauses(List(Clause(Atom(sbt.plugins.JvmPlugin),Set(Atom(sbt.plugins.IvyPlugin))), Clause(Atom(sbt.ScriptedPlugin),Set(Atom(sbt.plugins.JvmPlugin))), Clause(Atom(sbt.plugins.SbtPlugin),Set(Atom(sbt.ScriptedPlugin))), Clause(Atom(sbt.plugins.SemanticdbPlugin),Set(Atom(sbt.plugins.JvmPlugin))), Clause(Atom(sbt.plugins.JUnitXmlReportPlugin),Set(Atom(sbt.plugins.JvmPlugin))), Clause(Atom(sbt.plugins.MiniDependencyTreePlugin),Set(Atom(sbt.plugins.JvmPlugin))), Clause(Atom(sbt.plugins.CorePlugin),Set(Atom(sbt.plugins.IvyPlugin))), Clause(Atom(sbt.plugins.IvyPlugin),Set(Atom(sbt.plugins.JvmPlugin))), Clause(Atom(sbt.plugins.JvmPlugin),Set(Atom(sbt.plugins.SemanticdbPlugin))), Clause(Atom(sbt.plugins.JvmPlugin),Set(Atom(sbt.plugins.JUnitXmlReportPlugin))), Clause(Atom(sbt.plugins.CorePlugin),Set(Atom(sbt.plugins.Giter8TemplatePlugin))), Clause(Atom(sbt.plugins.JvmPlugin),Set(Atom(sbt.plugins.MiniDependencyTreePlugin)))))
[debug]   :: deduced result: Matched(sbt.plugins.CorePlugin,sbt.plugins.Giter8TemplatePlugin,sbt.plugins.IvyPlugin,sbt.plugins.JvmPlugin,sbt.plugins.MiniDependencyTreePlugin,sbt.plugins.JUnitXmlReportPlugin,sbt.plugins.SemanticdbPlugin)
[debug] Plugins.deducer#function took 1.239894 ms
[info] loading settings for project untitled from build.sbt ...
[debug]         Load.resolveProject(untitled) took 2.231954ms
[debug]       Load.loadTransitive: finalizeProject(Project(id untitled, base: /Users/m.keshilbaev/KBTU/scala/untitled, plugins: List(<none>))) took 3.848097ms
[debug] [Loading] Done in /Users/m.keshilbaev/KBTU/scala/untitled, returning: (untitled)
[debug]     Load.loadUnit: loadedProjectsRaw took 114.636106ms
[debug]     Load.loadUnit: cleanEvalClasses took 4.237208ms
[debug]   Load.loadUnit(file:/Users/m.keshilbaev/KBTU/scala/untitled/, ...) took 421.438465ms
[debug] Load.apply: load took 422.453446ms
[debug] Load.apply: resolveProjects took 0.080681ms
[debug] Load.apply: finalTransforms took 7.196685ms
[debug] Load.apply: config.delegates took 0.277711ms
[debug] Load.apply: Def.make(settings)... took 107.929074ms
[debug] Load.apply: structureIndex took 21.530955ms
[debug] Load.apply: mkStreams took 0.002579ms
[info] set current project to untitled (in build file:/Users/m.keshilbaev/KBTU/scala/untitled/)
[debug] > Exec(sbtPopOnFailure, None, None)
[debug] > Exec(resumeFromFailure, None, None)
[debug] > Exec(notifyUsersAboutShell, None, None)
[debug] > Exec(iflast shell, None, None)
[debug] > Exec(run, None, None)
[debug] Evaluating tasks: Compile / run
[debug] Running task... Cancel: Signal, check cycles: false, forcegc: true
[info] compiling 1 Scala source to /Users/m.keshilbaev/KBTU/scala/untitled/target/scala-2.13/classes ...
[warn] 2 deprecations (since 2.6.0); re-run with -deprecation for details
[warn] one warning found
[info] done compiling
