[debug] > Exec(early(addDefaultCommands), None, None)
[debug] > Exec(addDefaultCommands, None, None)
[debug] > Exec(early(initialize), None, None)
[debug] > Exec(initialize, None, None)
[debug] > Exec(early(addPluginSbtFile="""/private/var/folders/5q/wzjl62kn1r75k53ksvw142j80000gn/T/idea.sbt"""), None, None)
[debug] > Exec(addPluginSbtFile="""/private/var/folders/5q/wzjl62kn1r75k53ksvw142j80000gn/T/idea.sbt""", None, None)
[debug] > Exec(boot, None, None)
[debug] > Exec(writeSbtVersion, None, None)
[debug] > Exec(reload, None, None)
[debug] > Exec(sbtStashOnFailure, None, None)
[debug] > Exec(onFailure loadFailed, None, None)
[debug] > Exec(loadp, None, None)
[info] welcome to sbt 1.4.2 (Oracle Corporation Java 14.0.2)
[debug]       Load.loadUnit: plugins took 74.505811ms
[debug]       Load.loadUnit: defsScala took 0.2367ms
[debug] [Loading] Scanning directory /Users/m.keshilbaev/.sbt/1.0/plugins
[debug] [Loading] Found non-root projects 
[debug] [Loading] Done in /Users/m.keshilbaev/.sbt/1.0/plugins, returning: ()
[debug] deducing auto plugins based on known facts Set(Atom(sbt.plugins.CorePlugin)) and clauses Clauses(List(Clause(Atom(sbt.plugins.JvmPlugin),Set(Atom(sbt.plugins.IvyPlugin))), Clause(Atom(sbt.ScriptedPlugin),Set(Atom(sbt.plugins.JvmPlugin))), Clause(Atom(sbt.plugins.SbtPlugin),Set(Atom(sbt.ScriptedPlugin))), Clause(Atom(sbt.plugins.SemanticdbPlugin),Set(Atom(sbt.plugins.JvmPlugin))), Clause(Atom(sbt.plugins.JUnitXmlReportPlugin),Set(Atom(sbt.plugins.JvmPlugin))), Clause(Atom(sbt.plugins.MiniDependencyTreePlugin),Set(Atom(sbt.plugins.JvmPlugin))), Clause(Atom(sbt.plugins.CorePlugin),Set(Atom(sbt.plugins.IvyPlugin))), Clause(Atom(sbt.plugins.IvyPlugin),Set(Atom(sbt.plugins.JvmPlugin))), Clause(Atom(sbt.plugins.JvmPlugin),Set(Atom(sbt.plugins.SemanticdbPlugin))), Clause(Atom(sbt.plugins.JvmPlugin),Set(Atom(sbt.plugins.JUnitXmlReportPlugin))), Clause(Atom(sbt.plugins.CorePlugin),Set(Atom(sbt.plugins.Giter8TemplatePlugin))), Clause(Atom(sbt.plugins.JvmPlugin),Set(Atom(sbt.plugins.MiniDependencyTreePlugin)))))
[debug]   :: deduced result: Matched(sbt.plugins.CorePlugin,sbt.plugins.Giter8TemplatePlugin,sbt.plugins.IvyPlugin,sbt.plugins.JvmPlugin,sbt.plugins.MiniDependencyTreePlugin,sbt.plugins.JUnitXmlReportPlugin,sbt.plugins.SemanticdbPlugin)
[debug] Plugins.deducer#function took 18.202152 ms
[debug]           Load.resolveProject(global-plugins) took 46.418119ms
[debug]         Load.loadTransitive: finalizeProject(Project(id global-plugins, base: /Users/m.keshilbaev/.sbt/1.0/plugins, plugins: List(<none>))) took 84.018464ms
[debug] [Loading] Done in /Users/m.keshilbaev/.sbt/1.0/plugins, returning: (global-plugins)
[debug]       Load.loadUnit: loadedProjectsRaw took 104.02836ms
[debug]       Load.loadUnit: cleanEvalClasses took 0.189852ms
[debug]     Load.loadUnit(file:/Users/m.keshilbaev/.sbt/1.0/plugins/, ...) took 184.968074ms
[debug]   Load.apply: load took 1071.53328ms
[debug]   Load.apply: resolveProjects took 5.668134ms
[debug]   Load.apply: finalTransforms took 53.912036ms
[debug]   Load.apply: config.delegates took 5.244355ms
[debug]   Load.apply: Def.make(settings)... took 370.121359ms
[debug]   Load.apply: structureIndex took 77.442374ms
[debug]   Load.apply: mkStreams took 1.115728ms
[info] loading global plugins from /Users/m.keshilbaev/.sbt/1.0/plugins
[debug] Running task... Cancel: Signal, check cycles: false, forcegc: true
[debug] Load.defaultLoad until apply took 2910.774593ms
[debug]           Load.loadUnit: plugins took 16.237334ms
[debug]           Load.loadUnit: defsScala took 0.011382ms
[debug] [Loading] Scanning directory /Users/m.keshilbaev/KBTU/scala/untitled/project
[debug]             Load.loadUnit: mkEval took 4.600404ms
[debug] [Loading] Found non-root projects 
[debug] [Loading] Done in /Users/m.keshilbaev/KBTU/scala/untitled/project, returning: ()
[debug] deducing auto plugins based on known facts Set(Atom(sbt.plugins.CorePlugin)) and clauses Clauses(List(Clause(Atom(sbt.plugins.JvmPlugin),Set(Atom(sbt.plugins.IvyPlugin))), Clause(Atom(sbt.ScriptedPlugin),Set(Atom(sbt.plugins.JvmPlugin))), Clause(Atom(sbt.plugins.SbtPlugin),Set(Atom(sbt.ScriptedPlugin))), Clause(Atom(sbt.plugins.SemanticdbPlugin),Set(Atom(sbt.plugins.JvmPlugin))), Clause(Atom(sbt.plugins.JUnitXmlReportPlugin),Set(Atom(sbt.plugins.JvmPlugin))), Clause(Atom(sbt.plugins.MiniDependencyTreePlugin),Set(Atom(sbt.plugins.JvmPlugin))), Clause(Atom(sbt.plugins.CorePlugin),Set(Atom(sbt.plugins.IvyPlugin))), Clause(Atom(sbt.plugins.IvyPlugin),Set(Atom(sbt.plugins.JvmPlugin))), Clause(Atom(sbt.plugins.JvmPlugin),Set(Atom(sbt.plugins.SemanticdbPlugin))), Clause(Atom(sbt.plugins.JvmPlugin),Set(Atom(sbt.plugins.JUnitXmlReportPlugin))), Clause(Atom(sbt.plugins.CorePlugin),Set(Atom(sbt.plugins.Giter8TemplatePlugin))), Clause(Atom(sbt.plugins.JvmPlugin),Set(Atom(sbt.plugins.MiniDependencyTreePlugin)))))
[debug]   :: deduced result: Matched(sbt.plugins.CorePlugin,sbt.plugins.Giter8TemplatePlugin,sbt.plugins.IvyPlugin,sbt.plugins.JvmPlugin,sbt.plugins.MiniDependencyTreePlugin,sbt.plugins.JUnitXmlReportPlugin,sbt.plugins.SemanticdbPlugin)
[debug] Plugins.deducer#function took 1.771924 ms
[info] loading settings for project untitled-build from idea.sbt ...
[debug]               Load.resolveProject(untitled-build) took 3.869465ms
[debug]             Load.loadTransitive: finalizeProject(Project(id untitled-build, base: /Users/m.keshilbaev/KBTU/scala/untitled/project, plugins: List(<none>))) took 6.352457ms
[debug] [Loading] Done in /Users/m.keshilbaev/KBTU/scala/untitled/project, returning: (untitled-build)
[debug]           Load.loadUnit: loadedProjectsRaw took 131.294742ms
[debug]           Load.loadUnit: cleanEvalClasses took 3.463688ms
[debug]         Load.loadUnit(file:/Users/m.keshilbaev/KBTU/scala/untitled/project/, ...) took 151.940756ms
[debug]       Load.apply: load took 153.119827ms
[debug]       Load.apply: resolveProjects took 0.11098ms
[debug]       Load.apply: finalTransforms took 12.75541ms
[debug]       Load.apply: config.delegates took 0.445616ms
[debug]       Load.apply: Def.make(settings)... took 72.099285ms
[debug]       Load.apply: structureIndex took 31.052822ms
[debug]       Load.apply: mkStreams took 0.003349ms
[info] loading project definition from /Users/m.keshilbaev/KBTU/scala/untitled/project
[debug] Running task... Cancel: Signal, check cycles: false, forcegc: true
[debug]     Load.loadUnit: plugins took 1976.983337ms
[debug]     Load.loadUnit: defsScala took 0.012303ms
[debug] [Loading] Scanning directory /Users/m.keshilbaev/KBTU/scala/untitled
[debug]       Load.loadUnit: mkEval took 0.314178ms
[debug] [Loading] Found non-root projects 
[debug] [Loading] Done in /Users/m.keshilbaev/KBTU/scala/untitled, returning: ()
[debug] deducing auto plugins based on known facts Set(Atom(sbt.plugins.CorePlugin)) and clauses Clauses(List(Clause(Atom(sbt.plugins.JvmPlugin),Set(Atom(sbt.plugins.IvyPlugin))), Clause(Atom(sbt.ScriptedPlugin),Set(Atom(sbt.plugins.JvmPlugin))), Clause(Atom(sbt.plugins.SbtPlugin),Set(Atom(sbt.ScriptedPlugin))), Clause(Atom(sbt.plugins.SemanticdbPlugin),Set(Atom(sbt.plugins.JvmPlugin))), Clause(Atom(sbt.plugins.JUnitXmlReportPlugin),Set(Atom(sbt.plugins.JvmPlugin))), Clause(Atom(sbt.plugins.MiniDependencyTreePlugin),Set(Atom(sbt.plugins.JvmPlugin))), Clause(Atom(org.jetbrains.sbt.StructurePlugin),Set(Atom(sbt.plugins.JvmPlugin))), Clause(Atom(org.jetbrains.sbt.IdeaShellPlugin),Set(Atom(sbt.plugins.JvmPlugin))), Clause(Atom(org.jetbrains.sbt.indices.SbtIntellijIndicesPlugin),Set(Atom(sbt.plugins.JvmPlugin))), Clause(Atom(sbt.plugins.CorePlugin),Set(Atom(sbt.plugins.IvyPlugin))), Clause(Atom(sbt.plugins.IvyPlugin),Set(Atom(sbt.plugins.JvmPlugin))), Clause(Atom(sbt.plugins.JvmPlugin),Set(Atom(sbt.plugins.SemanticdbPlugin))), Clause(Atom(sbt.plugins.JvmPlugin),Set(Atom(sbt.plugins.JUnitXmlReportPlugin))), Clause(Atom(sbt.plugins.CorePlugin),Set(Atom(sbt.plugins.Giter8TemplatePlugin))), Clause(Atom(sbt.plugins.JvmPlugin),Set(Atom(sbt.plugins.MiniDependencyTreePlugin))), Clause(Atom(sbt.plugins.JvmPlugin),Set(Atom(org.jetbrains.sbt.StructurePlugin))), Clause(Atom(sbt.plugins.JvmPlugin),Set(Atom(org.jetbrains.sbt.IdeaShellPlugin))), Clause(And(Set(Atom(sbt.plugins.CorePlugin), Atom(sbt.plugins.JvmPlugin))),Set(Atom(org.jetbrains.sbt.indices.SbtIntellijIndicesPlugin)))))
[debug]   :: deduced result: Matched(sbt.plugins.CorePlugin,sbt.plugins.Giter8TemplatePlugin,sbt.plugins.IvyPlugin,sbt.plugins.JvmPlugin,sbt.plugins.SemanticdbPlugin,org.jetbrains.sbt.indices.SbtIntellijIndicesPlugin,sbt.plugins.JUnitXmlReportPlugin,org.jetbrains.sbt.IdeaShellPlugin,org.jetbrains.sbt.StructurePlugin,sbt.plugins.MiniDependencyTreePlugin)
[debug] Plugins.deducer#function took 1.468258 ms
[info] loading settings for project untitled from build.sbt ...
[debug]         Load.resolveProject(untitled) took 20.388125ms
[debug]       Load.loadTransitive: finalizeProject(Project(id untitled, base: /Users/m.keshilbaev/KBTU/scala/untitled, plugins: List(<none>))) took 22.871189ms
[debug] [Loading] Done in /Users/m.keshilbaev/KBTU/scala/untitled, returning: (untitled)
[debug]     Load.loadUnit: loadedProjectsRaw took 2203.66573ms
[debug]     Load.loadUnit: cleanEvalClasses took 11.135198ms
[debug]   Load.loadUnit(file:/Users/m.keshilbaev/KBTU/scala/untitled/, ...) took 4194.493612ms
[debug] Load.apply: load took 4195.566049ms
[debug] Load.apply: resolveProjects took 0.0774ms
[debug] Load.apply: finalTransforms took 21.158845ms
[debug] Load.apply: config.delegates took 0.240949ms
[debug] Load.apply: Def.make(settings)... took 59.969644ms
[debug] Load.apply: structureIndex took 16.501194ms
[debug] Load.apply: mkStreams took 0.002234ms
[info] set current project to untitled (in build file:/Users/m.keshilbaev/KBTU/scala/untitled/)
[debug] > Exec(sbtPopOnFailure, None, None)
[debug] > Exec(resumeFromFailure, None, None)
[debug] > Exec(notifyUsersAboutShell, None, None)
[debug] > Exec(iflast shell, None, None)
[debug] > Exec(; set ideaPort in Global := 62637 ; idea-shell, None, None)
[debug] > Exec(set ideaPort in Global := 62637, None, None)
[info] Defining Global / ideaPort
[info] The new value will be used by Compile / compile, Test / compile
[debug] Defining 
[debug] 	Global / ideaPort
[debug] 
[debug] The new value will be used by 
[debug] 	Compile / compile
[debug] 	Test / compile
[info] Reapplying settings...
[info] set current project to untitled (in build file:/Users/m.keshilbaev/KBTU/scala/untitled/)
[debug] > Exec(idea-shell, None, None)
