[debug] > Exec(early(addDefaultCommands), None, None)
[debug] > Exec(addDefaultCommands, None, None)
[debug] > Exec(early(initialize), None, None)
[debug] > Exec(initialize, None, None)
[debug] > Exec(boot, None, None)
[debug] > Exec(writeSbtVersion, None, None)
[debug] > Exec(reload, None, None)
[debug] > Exec(sbtStashOnFailure, None, None)
[debug] > Exec(onFailure loadFailed, None, None)
[debug] > Exec(loadp, None, None)
[info] welcome to sbt 1.4.2 (Oracle Corporation Java 14.0.2)
[debug]       Load.loadUnit: plugins took 103.681045ms
[debug]       Load.loadUnit: defsScala took 0.398351ms
[debug] [Loading] Scanning directory /Users/m.keshilbaev/.sbt/1.0/plugins
[debug] [Loading] Found non-root projects 
[debug] [Loading] Done in /Users/m.keshilbaev/.sbt/1.0/plugins, returning: ()
[debug] deducing auto plugins based on known facts Set(Atom(sbt.plugins.CorePlugin)) and clauses Clauses(List(Clause(Atom(sbt.plugins.JvmPlugin),Set(Atom(sbt.plugins.IvyPlugin))), Clause(Atom(sbt.ScriptedPlugin),Set(Atom(sbt.plugins.JvmPlugin))), Clause(Atom(sbt.plugins.SbtPlugin),Set(Atom(sbt.ScriptedPlugin))), Clause(Atom(sbt.plugins.SemanticdbPlugin),Set(Atom(sbt.plugins.JvmPlugin))), Clause(Atom(sbt.plugins.JUnitXmlReportPlugin),Set(Atom(sbt.plugins.JvmPlugin))), Clause(Atom(sbt.plugins.MiniDependencyTreePlugin),Set(Atom(sbt.plugins.JvmPlugin))), Clause(Atom(sbt.plugins.CorePlugin),Set(Atom(sbt.plugins.IvyPlugin))), Clause(Atom(sbt.plugins.IvyPlugin),Set(Atom(sbt.plugins.JvmPlugin))), Clause(Atom(sbt.plugins.JvmPlugin),Set(Atom(sbt.plugins.SemanticdbPlugin))), Clause(Atom(sbt.plugins.JvmPlugin),Set(Atom(sbt.plugins.JUnitXmlReportPlugin))), Clause(Atom(sbt.plugins.CorePlugin),Set(Atom(sbt.plugins.Giter8TemplatePlugin))), Clause(Atom(sbt.plugins.JvmPlugin),Set(Atom(sbt.plugins.MiniDependencyTreePlugin)))))
[debug]   :: deduced result: Matched(sbt.plugins.CorePlugin,sbt.plugins.Giter8TemplatePlugin,sbt.plugins.IvyPlugin,sbt.plugins.JvmPlugin,sbt.plugins.MiniDependencyTreePlugin,sbt.plugins.JUnitXmlReportPlugin,sbt.plugins.SemanticdbPlugin)
[debug] Plugins.deducer#function took 26.897406 ms
[debug]           Load.resolveProject(global-plugins) took 52.153356ms
[debug]         Load.loadTransitive: finalizeProject(Project(id global-plugins, base: /Users/m.keshilbaev/.sbt/1.0/plugins, plugins: List(<none>))) took 104.26335ms
[debug] [Loading] Done in /Users/m.keshilbaev/.sbt/1.0/plugins, returning: (global-plugins)
[debug]       Load.loadUnit: loadedProjectsRaw took 140.888627ms
[debug]       Load.loadUnit: cleanEvalClasses took 0.234066ms
[debug]     Load.loadUnit(file:/Users/m.keshilbaev/.sbt/1.0/plugins/, ...) took 254.791811ms
[debug]   Load.apply: load took 775.825483ms
[debug]   Load.apply: resolveProjects took 9.747044ms
[debug]   Load.apply: finalTransforms took 74.685053ms
[debug]   Load.apply: config.delegates took 10.606907ms
[debug]   Load.apply: Def.make(settings)... took 379.907857ms
[debug]   Load.apply: structureIndex took 92.069465ms
[debug]   Load.apply: mkStreams took 1.408181ms
[info] loading global plugins from /Users/m.keshilbaev/.sbt/1.0/plugins
[debug] Running task... Cancel: Signal, check cycles: false, forcegc: true
[debug] Load.defaultLoad until apply took 2933.239984ms
[debug]           Load.loadUnit: plugins took 19.753099ms
[debug]           Load.loadUnit: defsScala took 0.003546ms
[debug] [Loading] Scanning directory /Users/m.keshilbaev/KBTU/scala/untitled/project
[debug] [Loading] Found non-root projects 
[debug] [Loading] Done in /Users/m.keshilbaev/KBTU/scala/untitled/project, returning: ()
[debug] deducing auto plugins based on known facts Set(Atom(sbt.plugins.CorePlugin)) and clauses Clauses(List(Clause(Atom(sbt.plugins.JvmPlugin),Set(Atom(sbt.plugins.IvyPlugin))), Clause(Atom(sbt.ScriptedPlugin),Set(Atom(sbt.plugins.JvmPlugin))), Clause(Atom(sbt.plugins.SbtPlugin),Set(Atom(sbt.ScriptedPlugin))), Clause(Atom(sbt.plugins.SemanticdbPlugin),Set(Atom(sbt.plugins.JvmPlugin))), Clause(Atom(sbt.plugins.JUnitXmlReportPlugin),Set(Atom(sbt.plugins.JvmPlugin))), Clause(Atom(sbt.plugins.MiniDependencyTreePlugin),Set(Atom(sbt.plugins.JvmPlugin))), Clause(Atom(sbt.plugins.CorePlugin),Set(Atom(sbt.plugins.IvyPlugin))), Clause(Atom(sbt.plugins.IvyPlugin),Set(Atom(sbt.plugins.JvmPlugin))), Clause(Atom(sbt.plugins.JvmPlugin),Set(Atom(sbt.plugins.SemanticdbPlugin))), Clause(Atom(sbt.plugins.JvmPlugin),Set(Atom(sbt.plugins.JUnitXmlReportPlugin))), Clause(Atom(sbt.plugins.CorePlugin),Set(Atom(sbt.plugins.Giter8TemplatePlugin))), Clause(Atom(sbt.plugins.JvmPlugin),Set(Atom(sbt.plugins.MiniDependencyTreePlugin)))))
[debug]   :: deduced result: Matched(sbt.plugins.CorePlugin,sbt.plugins.Giter8TemplatePlugin,sbt.plugins.IvyPlugin,sbt.plugins.JvmPlugin,sbt.plugins.MiniDependencyTreePlugin,sbt.plugins.JUnitXmlReportPlugin,sbt.plugins.SemanticdbPlugin)
[debug] Plugins.deducer#function took 1.842933 ms
[debug]               Load.resolveProject(untitled-build) took 1.096418ms
[debug]             Load.loadTransitive: finalizeProject(Project(id untitled-build, base: /Users/m.keshilbaev/KBTU/scala/untitled/project, plugins: List(<none>))) took 3.438704ms
[debug] [Loading] Done in /Users/m.keshilbaev/KBTU/scala/untitled/project, returning: (untitled-build)
[debug]           Load.loadUnit: loadedProjectsRaw took 4.892748ms
[debug]           Load.loadUnit: cleanEvalClasses took 0.012965ms
[debug]         Load.loadUnit(file:/Users/m.keshilbaev/KBTU/scala/untitled/project/, ...) took 25.200655ms
[debug]       Load.apply: load took 26.288106ms
[debug]       Load.apply: resolveProjects took 0.155098ms
[debug]       Load.apply: finalTransforms took 12.323794ms
[debug]       Load.apply: config.delegates took 0.420398ms
[debug]       Load.apply: Def.make(settings)... took 68.68422ms
[debug]       Load.apply: structureIndex took 24.581678ms
[debug]       Load.apply: mkStreams took 0.002526ms
[info] loading project definition from /Users/m.keshilbaev/KBTU/scala/untitled/project
[debug] Running task... Cancel: Signal, check cycles: false, forcegc: true
[debug]     Load.loadUnit: plugins took 324.165862ms
[debug]     Load.loadUnit: defsScala took 0.003409ms
[debug] [Loading] Scanning directory /Users/m.keshilbaev/KBTU/scala/untitled
[debug]       Load.loadUnit: mkEval took 5.811179ms
[debug] [Loading] Found non-root projects 
[debug] [Loading] Done in /Users/m.keshilbaev/KBTU/scala/untitled, returning: ()
[debug] deducing auto plugins based on known facts Set(Atom(sbt.plugins.CorePlugin)) and clauses Clauses(List(Clause(Atom(sbt.plugins.JvmPlugin),Set(Atom(sbt.plugins.IvyPlugin))), Clause(Atom(sbt.ScriptedPlugin),Set(Atom(sbt.plugins.JvmPlugin))), Clause(Atom(sbt.plugins.SbtPlugin),Set(Atom(sbt.ScriptedPlugin))), Clause(Atom(sbt.plugins.SemanticdbPlugin),Set(Atom(sbt.plugins.JvmPlugin))), Clause(Atom(sbt.plugins.JUnitXmlReportPlugin),Set(Atom(sbt.plugins.JvmPlugin))), Clause(Atom(sbt.plugins.MiniDependencyTreePlugin),Set(Atom(sbt.plugins.JvmPlugin))), Clause(Atom(sbt.plugins.CorePlugin),Set(Atom(sbt.plugins.IvyPlugin))), Clause(Atom(sbt.plugins.IvyPlugin),Set(Atom(sbt.plugins.JvmPlugin))), Clause(Atom(sbt.plugins.JvmPlugin),Set(Atom(sbt.plugins.SemanticdbPlugin))), Clause(Atom(sbt.plugins.JvmPlugin),Set(Atom(sbt.plugins.JUnitXmlReportPlugin))), Clause(Atom(sbt.plugins.CorePlugin),Set(Atom(sbt.plugins.Giter8TemplatePlugin))), Clause(Atom(sbt.plugins.JvmPlugin),Set(Atom(sbt.plugins.MiniDependencyTreePlugin)))))
[debug]   :: deduced result: Matched(sbt.plugins.CorePlugin,sbt.plugins.Giter8TemplatePlugin,sbt.plugins.IvyPlugin,sbt.plugins.JvmPlugin,sbt.plugins.MiniDependencyTreePlugin,sbt.plugins.JUnitXmlReportPlugin,sbt.plugins.SemanticdbPlugin)
[debug] Plugins.deducer#function took 1.261311 ms
[info] loading settings for project untitled from build.sbt ...
[debug]         Load.resolveProject(untitled) took 2.466548ms
[debug]       Load.loadTransitive: finalizeProject(Project(id untitled, base: /Users/m.keshilbaev/KBTU/scala/untitled, plugins: List(<none>))) took 4.164824ms
[debug] [Loading] Done in /Users/m.keshilbaev/KBTU/scala/untitled, returning: (untitled)
[debug]     Load.loadUnit: loadedProjectsRaw took 138.476055ms
[debug]     Load.loadUnit: cleanEvalClasses took 7.908324ms
[debug]   Load.loadUnit(file:/Users/m.keshilbaev/KBTU/scala/untitled/, ...) took 471.195663ms
[debug] Load.apply: load took 472.224052ms
[debug] Load.apply: resolveProjects took 0.082934ms
[debug] Load.apply: finalTransforms took 6.666317ms
[debug] Load.apply: config.delegates took 0.266758ms
[debug] Load.apply: Def.make(settings)... took 101.432966ms
[debug] Load.apply: structureIndex took 20.347659ms
[debug] Load.apply: mkStreams took 0.002211ms
[info] set current project to untitled (in build file:/Users/m.keshilbaev/KBTU/scala/untitled/)
[debug] > Exec(sbtPopOnFailure, None, None)
[debug] > Exec(resumeFromFailure, None, None)
[debug] > Exec(notifyUsersAboutShell, None, None)
[debug] > Exec(iflast shell, None, None)
[debug] > Exec(run, None, None)
[debug] Evaluating tasks: Compile / run
[debug] Running task... Cancel: Signal, check cycles: false, forcegc: true
[info] compiling 1 Scala source to /Users/m.keshilbaev/KBTU/scala/untitled/target/scala-2.13/classes ...
[warn] 2 deprecations (since 2.13.0)
[warn] 1 deprecation (since 2.13.3)
[warn] 3 deprecations in total; re-run with -deprecation for details
[warn] three warnings found
[info] done compiling
